83C55E9291F8059B0000000000000000 EF226AEA45FDC94B0000000000000000 24.199316
EF226AEA45FDC94B0000000000000000 CB524C99E31E
83C55E9291F8059B0000000000000000 CB524C99E31E
396540A9A0E1CB43891D095FFF7F0000 17FF1436DE1E4014891D095FFF7F0000 24.769315
34B7E973BB1BB65A891D095FFF7F0000 B513EF3F50FB49F6891D095FFF7F0000 23.183129
17FF1436DE1E4014891D095FFF7F0000B513EF3F50FB49F6891D095FFF7F0000 72E72E9B0B86
396540A9A0E1CB43891D095FFF7F0000B513EF3F50FB49F6891D095FFF7F0000 72E72E9B0B86
17FF1436DE1E4014891D095FFF7F000034B7E973BB1BB65A891D095FFF7F0000 72E72E9B0B86
396540A9A0E1CB43891D095FFF7F000034B7E973BB1BB65A891D095FFF7F0000 72E72E9B0B86
5740AF969D69CCD80A00000000000000 04CCE784F98AAF790A00000000000000 23.010916
23FC936BFC3632F50A00000000000000 26D12DF047A17CB60A00000000000000 24.644262
BC06D87F63CF215A0A00000000000000 AD5B9EF9319F443C0A00000000000000 23.062749
04CCE784F98AAF790A0000000000000026D12DF047A17CB60A00000000000000AD5B9EF9319F443C0A00000000000000 82B0A4F76997
5740AF969D69CCD80A0000000000000026D12DF047A17CB60A00000000000000AD5B9EF9319F443C0A00000000000000 82B0A4F76997
04CCE784F98AAF790A0000000000000023FC936BFC3632F50A00000000000000AD5B9EF9319F443C0A00000000000000 82B0A4F76997
5740AF969D69CCD80A0000000000000023FC936BFC3632F50A00000000000000AD5B9EF9319F443C0A00000000000000 82B0A4F76997
04CCE784F98AAF790A0000000000000026D12DF047A17CB60A00000000000000BC06D87F63CF215A0A00000000000000 82B0A4F76997
5740AF969D69CCD80A0000000000000026D12DF047A17CB60A00000000000000BC06D87F63CF215A0A00000000000000 82B0A4F76997
04CCE784F98AAF790A0000000000000023FC936BFC3632F50A00000000000000BC06D87F63CF215A0A00000000000000 82B0A4F76997
5740AF969D69CCD80A0000000000000023FC936BFC3632F50A00000000000000BC06D87F63CF215A0A00000000000000 82B0A4F76997
D1D4E42E5344BA4C9689095FFF7F0000 DABEF4E55A7EF5019689095FFF7F0000 24.353336
B2D2B8283BE794799689095FFF7F0000 47C97892C62EA8889689095FFF7F0000 24.974786
200D6B634FB985CD9689095FFF7F0000 7B57A4C0AC20E3679689095FFF7F0000 25.591943
B57587BB277526239689095FFF7F0000 6A013DF366F18EE99689095FFF7F0000 22.695247
DABEF4E55A7EF5019689095FFF7F000047C97892C62EA8889689095FFF7F00007B57A4C0AC20E3679689095FFF7F00006A013DF366F18EE99689095FFF7F0000 04760F2DA64D
D1D4E42E5344BA4C9689095FFF7F000047C97892C62EA8889689095FFF7F00007B57A4C0AC20E3679689095FFF7F00006A013DF366F18EE99689095FFF7F0000 04760F2DA64D
DABEF4E55A7EF5019689095FFF7F0000B2D2B8283BE794799689095FFF7F00007B57A4C0AC20E3679689095FFF7F00006A013DF366F18EE99689095FFF7F0000 04760F2DA64D
D1D4E42E5344BA4C9689095FFF7F0000B2D2B8283BE794799689095FFF7F00007B57A4C0AC20E3679689095FFF7F00006A013DF366F18EE99689095FFF7F0000 04760F2DA64D
DABEF4E55A7EF5019689095FFF7F000047C97892C62EA8889689095FFF7F0000200D6B634FB985CD9689095FFF7F00006A013DF366F18EE99689095FFF7F0000 04760F2DA64D
D1D4E42E5344BA4C9689095FFF7F000047C97892C62EA8889689095FFF7F0000200D6B634FB985CD9689095FFF7F00006A013DF366F18EE99689095FFF7F0000 04760F2DA64D
DABEF4E55A7EF5019689095FFF7F0000B2D2B8283BE794799689095FFF7F0000200D6B634FB985CD9689095FFF7F00006A013DF366F18EE99689095FFF7F0000 04760F2DA64D
D1D4E42E5344BA4C9689095FFF7F0000B2D2B8283BE794799689095FFF7F0000200D6B634FB985CD9689095FFF7F00006A013DF366F18EE99689095FFF7F0000 04760F2DA64D
DABEF4E55A7EF5019689095FFF7F000047C97892C62EA8889689095FFF7F00007B57A4C0AC20E3679689095FFF7F0000B57587BB277526239689095FFF7F0000 04760F2DA64D
D1D4E42E5344BA4C9689095FFF7F000047C97892C62EA8889689095FFF7F00007B57A4C0AC20E3679689095FFF7F0000B57587BB277526239689095FFF7F0000 04760F2DA64D
DABEF4E55A7EF5019689095FFF7F0000B2D2B8283BE794799689095FFF7F00007B57A4C0AC20E3679689095FFF7F0000B57587BB277526239689095FFF7F0000 04760F2DA64D
D1D4E42E5344BA4C9689095FFF7F0000B2D2B8283BE794799689095FFF7F00007B57A4C0AC20E3679689095FFF7F0000B57587BB277526239689095FFF7F0000 04760F2DA64D
DABEF4E55A7EF5019689095FFF7F000047C97892C62EA8889689095FFF7F0000200D6B634FB985CD9689095FFF7F0000B57587BB277526239689095FFF7F0000 04760F2DA64D
D1D4E42E5344BA4C9689095FFF7F000047C97892C62EA8889689095FFF7F0000200D6B634FB985CD9689095FFF7F0000B57587BB277526239689095FFF7F0000 04760F2DA64D
DABEF4E55A7EF5019689095FFF7F0000B2D2B8283BE794799689095FFF7F0000200D6B634FB985CD9689095FFF7F0000B57587BB277526239689095FFF7F0000 04760F2DA64D
D1D4E42E5344BA4C9689095FFF7F0000B2D2B8283BE794799689095FFF7F0000200D6B634FB985CD9689095FFF7F0000B57587BB277526239689095FFF7F0000 04760F2DA64D
